<?xml version="1.0" encoding="UTF-8"?>
<coverage generated="1597829960910" clover="3.2.0">
  <project timestamp="1597829960910" name="All files">
    <metrics statements="44" coveredstatements="20" conditionals="12" coveredconditionals="3" methods="8" coveredmethods="2" elements="64" coveredelements="25" complexity="0" loc="44" ncloc="44" packages="1" files="2" classes="2"/>
    <file name="app.js" path="C:\Users\ArwaA\FEND2\starter\fend-refresh-2019\projects\evaluate-news-nlp\src\client\js\app.js">
      <metrics statements="27" coveredstatements="9" conditionals="6" coveredconditionals="1" methods="6" coveredmethods="1"/>
      <line num="2" count="1" type="stmt"/>
      <line num="5" count="1" type="cond" truecount="0" falsecount="2"/>
      <line num="7" count="1" type="stmt"/>
      <line num="16" count="1" type="cond" truecount="1" falsecount="1"/>
      <line num="17" count="0" type="stmt"/>
      <line num="20" count="1" type="stmt"/>
      <line num="21" count="1" type="stmt"/>
      <line num="25" count="1" type="stmt"/>
      <line num="26" count="0" type="stmt"/>
      <line num="27" count="0" type="stmt"/>
      <line num="31" count="1" type="stmt"/>
      <line num="33" count="0" type="stmt"/>
      <line num="35" count="0" type="stmt"/>
      <line num="36" count="0" type="stmt"/>
      <line num="37" count="0" type="stmt"/>
      <line num="38" count="0" type="stmt"/>
      <line num="39" count="0" type="stmt"/>
      <line num="46" count="1" type="stmt"/>
      <line num="48" count="0" type="stmt"/>
      <line num="49" count="0" type="stmt"/>
      <line num="51" count="0" type="stmt"/>
      <line num="52" count="0" type="stmt"/>
      <line num="53" count="0" type="cond" truecount="0" falsecount="2"/>
      <line num="54" count="0" type="stmt"/>
      <line num="55" count="0" type="stmt"/>
      <line num="56" count="0" type="stmt"/>
      <line num="59" count="0" type="stmt"/>
    </file>
    <file name="helper.js" path="C:\Users\ArwaA\FEND2\starter\fend-refresh-2019\projects\evaluate-news-nlp\src\client\js\helper.js">
      <metrics statements="17" coveredstatements="11" conditionals="6" coveredconditionals="2" methods="2" coveredmethods="1"/>
      <line num="2" count="2" type="stmt"/>
      <line num="4" count="0" type="cond" truecount="0" falsecount="2"/>
      <line num="5" count="0" type="stmt"/>
      <line num="6" count="0" type="stmt"/>
      <line num="8" count="0" type="stmt"/>
      <line num="13" count="2" type="stmt"/>
      <line num="15" count="1" type="stmt"/>
      <line num="18" count="1" type="stmt"/>
      <line num="20" count="1" type="cond" truecount="1" falsecount="1"/>
      <line num="21" count="1" type="stmt"/>
      <line num="24" count="1" type="cond" truecount="1" falsecount="1"/>
      <line num="26" count="1" type="stmt"/>
      <line num="27" count="1" type="stmt"/>
      <line num="28" count="1" type="stmt"/>
      <line num="30" count="1" type="stmt"/>
      <line num="32" count="0" type="stmt"/>
      <line num="33" count="0" type="stmt"/>
    </file>
  </project>
</coverage>
