TN:
SF:src\client\js\app.js
FN:5,(anonymous_0)
FN:25,(anonymous_1)
FN:31,(anonymous_2)
FN:35,(anonymous_3)
FN:46,(anonymous_4)
FN:49,(anonymous_5)
FNF:6
FNH:1
FNDA:1,(anonymous_0)
FNDA:0,(anonymous_1)
FNDA:0,(anonymous_2)
FNDA:0,(anonymous_3)
FNDA:0,(anonymous_4)
FNDA:0,(anonymous_5)
DA:2,1
DA:5,1
DA:7,1
DA:16,1
DA:17,0
DA:20,1
DA:21,1
DA:25,1
DA:26,0
DA:27,0
DA:31,1
DA:33,0
DA:35,0
DA:36,0
DA:37,0
DA:38,0
DA:39,0
DA:46,1
DA:48,0
DA:49,0
DA:51,0
DA:52,0
DA:53,0
DA:54,0
DA:55,0
DA:56,0
DA:59,0
LF:27
LH:9
BRDA:5,0,0,0
BRDA:5,1,0,0
BRDA:16,2,0,0
BRDA:16,2,1,1
BRDA:53,3,0,0
BRDA:53,3,1,0
BRF:6
BRH:1
end_of_record
TN:
SF:src\client\js\helper.js
FN:2,(anonymous_0)
FN:13,(anonymous_1)
FNF:2
FNH:1
FNDA:0,(anonymous_0)
FNDA:1,(anonymous_1)
DA:2,2
DA:4,0
DA:5,0
DA:6,0
DA:8,0
DA:13,2
DA:15,1
DA:18,1
DA:20,1
DA:21,1
DA:24,1
DA:26,1
DA:27,1
DA:28,1
DA:30,1
DA:32,0
DA:33,0
LF:17
LH:11
BRDA:4,0,0,0
BRDA:4,0,1,0
BRDA:20,1,0,1
BRDA:20,1,1,0
BRDA:24,2,0,1
BRDA:24,2,1,0
BRF:6
BRH:2
end_of_record
